<?xml version="1.0" encoding="UTF-8"?>
<!-- Generated by org.testng.reporters.JUnitReportReporter -->
<testsuite skipped="0" hostname="DESKTOP-N5S3DMH" name="missionHumaneScripts.DriverScript" tests="1" failures="0" timestamp="2021-06-24T20:17:23 EDT" time="216.978" errors="0">
  <testcase name="scrapping" time="216.978" classname="missionHumaneScripts.DriverScript"/>
  <system-out>
    <![CDATA[Input and output files are not same]]>
  </system-out>
</testsuite> <!-- missionHumaneScripts.DriverScript -->
